-------------------------------------------------------------------------------
Test set: com.learn.BaseTest
-------------------------------------------------------------------------------
Tests run: 1, Failures: 1, Errors: 0, Skipped: 0, Time elapsed: 63.82 s <<< FAILURE! - in com.learn.BaseTest
loadtest(com.learn.BaseTest)  Time elapsed: 35.696 s  <<< FAILURE!
org.openqa.selenium.TimeoutException: 
Expected condition failed: waiting for element found by By.cssSelector: div[id="mnls-payroll"] to be clickable, but the element was not visible.
(tried for 35 seconds with 500 milliseconds interval)
Build info: version: '4.49.0', revision: 'bedb24f bedb24f6f703876e7e4c5d506f0d697eb358c720'
System info: os.name: 'Windows 11', os.arch: 'amd64', os.version: '10.0', java.version: '25.0.4.1'
Driver info: org.openqa.selenium.chrome.ChromeDriver
Capabilities {acceptInsecureCerts: false, browserName: chrome, browserVersion: 152.0.7977.84, chrome: {chromedriverVersion: 152.0.7977.82 (d04cdb24d67b..., userDataDir: C:\Users\kumar\AppData\Loca...}, fedcm:accounts: true, goog:chromeOptions: {debuggerAddress: localhost:61819}, goog:processID: 780, networkConnectionEnabled: false, pageLoadStrategy: normal, platformName: windows, proxy: Proxy(), se:cdp: ws://localhost:61819/devtoo..., se:cdpVersion: 152.0.7977.84, setWindowRect: true, strictFileInteractability: false, timeouts: {implicit: 0, pageLoad: 300000, script: 30000}, unhandledPromptBehavior: dismiss and notify, webauthn:extension:credBlob: true, webauthn:extension:largeBlob: true, webauthn:extension:minPinLength: true, webauthn:extension:prf: true, webauthn:virtualAuthenticators: true}
Session ID: 7802ed766c07e2ff24a70926b015d471
	at com.learn.BaseTest.loadtest(BaseTest.java:27)

